2017-11-27T07:59:16.694622+00:00		sql	0.000218	1:(localhost) SELECT * FROM thread; ()
2017-11-27T16:02:04.194092+08:00		sql	0.000254	1:(localhost) SELECT * FROM thread; ()
2017-11-27T16:05:51.072359+08:00		sql	0.000232	1:(localhost) SELECT * FROM thread; ()
2017-11-27T16:05:51.993206+08:00		sql	0.000313	1:(localhost) SELECT * FROM thread; ()
2017-11-27T16:13:53.194466+08:00		sql	0.000338	1:(localhost) SELECT * FROM thread; ()
2017-11-27T17:37:15.003934+08:00		sql	0.026493	1:(localhost) SELECT * FROM thread; ()
2017-11-27T18:23:25.234479+08:00		sql	0.000297	1:(localhost) SELECT * FROM thread; ()
2017-11-27T18:24:07.832079+08:00		sql	0.000254	1:(localhost) SELECT * FROM thread; ()
2017-11-27T18:24:08.320071+08:00		sql	0.000301	1:(localhost) SELECT * FROM thread; ()
2017-11-27T18:24:22.754937+08:00		sql	0.000218	1:(localhost) SELECT * FROM thread; ()
2017-11-27T18:30:23.693510+08:00		sql	0.000209	1:(localhost) SELECT * FROM thread; ()
2017-11-27T18:32:58.222755+08:00		sql	0.000221	1:(localhost) SELECT * FROM thread; ()
2017-11-27T18:35:32.696665+08:00		sql	0.000241	1:(localhost) SELECT * FROM thread; ()
2017-11-27T18:35:39.148451+08:00		sql	0.000264	1:(localhost) SELECT * FROM thread WHERE id = ?; (1)
2017-11-27T18:58:18.635093+08:00		sql	0.000228	1:(localhost) SELECT * FROM thread; ()
2017-11-27T18:58:20.819620+08:00		sql	0.000292	1:(localhost) SELECT * FROM thread; ()
2017-11-27T19:05:33.483738+08:00		sql	0.000250	1:(localhost) SELECT * FROM thread; ()
2017-11-27T19:05:34.684671+08:00		sql	0.000317	1:(localhost) SELECT * FROM thread WHERE id = ?; (1)
2017-11-27T19:05:34.732408+08:00		sql	0.047450	2:(localhost) SELECT * FROM comment WHERE thread_id = ? ORDER BY created ASC; (1)
2017-11-27T19:05:52.026811+08:00		sql	0.000362	1:(localhost) SELECT * FROM thread WHERE id = ?; (1)
2017-11-27T19:05:52.028103+08:00		sql	0.000608	2:(localhost) SELECT * FROM comment WHERE thread_id = ? ORDER BY created ASC; (1)
2017-11-27T19:06:02.176426+08:00		sql	0.000245	1:(localhost) SELECT * FROM thread WHERE id = ?; (1)
2017-11-27T19:06:02.226884+08:00		sql	0.009674	2:(localhost) INSERT INTO comment SET thread_id = ?, username = ?, body = ?, created = NOW(); (1, test, test2)
2017-11-27T19:06:03.675054+08:00		sql	0.000312	1:(localhost) SELECT * FROM thread WHERE id = ?; (1)
2017-11-27T19:06:03.675689+08:00		sql	0.000362	2:(localhost) SELECT * FROM comment WHERE thread_id = ? ORDER BY created ASC; (1)
2017-11-27T19:13:31.081073+08:00		sql	0.000216	1:(localhost) SELECT * FROM thread; ()
2017-11-27T19:13:33.177254+08:00		sql	0.000279	1:(localhost) SELECT * FROM thread WHERE id = ?; (1)
2017-11-27T19:13:33.177924+08:00		sql	0.000341	2:(localhost) SELECT * FROM comment WHERE thread_id = ? ORDER BY created ASC; (1)
2017-11-27T19:16:21.869880+08:00		sql	0.000278	1:(localhost) SELECT * FROM thread; ()
2017-11-27T19:16:24.033618+08:00		sql	0.000300	1:(localhost) SELECT * FROM thread WHERE id = ?; (1)
2017-11-27T19:16:24.034201+08:00		sql	0.000305	2:(localhost) SELECT * FROM comment WHERE thread_id = ? ORDER BY created ASC; (1)
2017-11-28T09:46:12.685833+08:00		sql	0.000230	1:(localhost) SELECT * FROM thread; ()
2017-11-28T09:46:40.371225+08:00		sql	0.000210	1:(localhost) SELECT * FROM thread; ()
2017-11-28T09:52:14.644836+08:00		sql	0.000290	1:(localhost) SELECT * FROM thread; ()
2017-11-28T09:57:41.190040+08:00		sql	0.000242	1:(localhost) SELECT * FROM thread; ()
2017-11-28T09:58:46.524541+08:00		sql	0.000410	1:(localhost) SELECT * FROM thread WHERE id = ?; (1)
2017-11-28T09:58:46.525174+08:00		sql	0.000335	2:(localhost) SELECT * FROM comment WHERE thread_id = ? ORDER BY created ASC; (1)
2017-11-28T10:07:24.785633+08:00		sql	0.000278	1:(localhost) SELECT * FROM thread WHERE id = ?; (1)
2017-11-28T10:07:24.786247+08:00		sql	0.000314	2:(localhost) SELECT * FROM comment WHERE thread_id = ? ORDER BY created ASC; (1)
2017-11-28T10:15:08.964934+08:00		sql	0.000279	1:(localhost) SELECT * FROM thread WHERE id = ?; (1)
2017-11-28T10:15:08.965450+08:00		sql	0.000261	2:(localhost) SELECT * FROM comment WHERE thread_id = ? ORDER BY created ASC; (1)
2017-11-28T10:17:24.756106+08:00		sql	0.000252	1:(localhost) SELECT * FROM thread WHERE id = ?; (1)
2017-11-28T10:17:24.756778+08:00		sql	0.000319	2:(localhost) SELECT * FROM comment WHERE thread_id = ? ORDER BY created ASC; (1)
2017-11-28T10:17:28.096382+08:00		sql	0.000245	1:(localhost) SELECT * FROM thread WHERE id = ?; (1)
2017-11-28T10:18:18.966039+08:00		sql	0.000229	1:(localhost) SELECT * FROM thread WHERE id = ?; (1)
2017-11-28T10:18:18.966467+08:00		sql	0.000197	2:(localhost) SELECT * FROM comment WHERE thread_id = ? ORDER BY created ASC; (1)
2017-11-28T10:18:21.381320+08:00		sql	0.000254	1:(localhost) SELECT * FROM thread WHERE id = ?; (1)
2017-11-28T10:18:21.502587+08:00		sql	0.120918	2:(localhost) INSERT INTO comment SET thread_id = ?, username = ?, body = ?, created = NOW(); (1, 23, 245)
2017-11-28T10:18:24.529269+08:00		sql	0.000243	1:(localhost) SELECT * FROM thread WHERE id = ?; (1)
2017-11-28T10:18:24.529778+08:00		sql	0.000289	2:(localhost) SELECT * FROM comment WHERE thread_id = ? ORDER BY created ASC; (1)
2017-11-28T10:18:33.255111+08:00		sql	0.000265	1:(localhost) SELECT * FROM thread WHERE id = ?; (1)
2017-11-28T10:18:33.255746+08:00		sql	0.000314	2:(localhost) SELECT * FROM comment WHERE thread_id = ? ORDER BY created ASC; (1)
2017-11-28T10:20:18.840325+08:00		sql	0.000250	1:(localhost) SELECT * FROM thread WHERE id = ?; (1)
2017-11-28T10:20:18.840770+08:00		sql	0.000211	2:(localhost) SELECT * FROM comment WHERE thread_id = ? ORDER BY created ASC; (1)
2017-11-28T10:20:26.923311+08:00		sql	0.000258	1:(localhost) SELECT * FROM thread; ()
2017-11-28T10:20:29.037078+08:00		sql	0.000291	1:(localhost) SELECT * FROM thread; ()
2017-11-28T10:25:39.086940+08:00		sql	0.000077	1:(localhost) BEGIN; ()
2017-11-28T10:25:39.087425+08:00		sql	0.000239	2:(localhost) INSERT INTO thread SET title = ?, created = NOW(); (fdddgdg)
2017-11-28T10:25:39.088027+08:00		sql	0.000329	3:(localhost) INSERT INTO comment SET thread_id = ?, username = ?, body = ?, created = NOW(); (2, gdfgdg, gdfgdfgfh)
2017-11-28T10:25:39.110864+08:00		sql	0.022484	4:(localhost) COMMIT; ()
2017-11-28T10:25:52.073526+08:00		sql	0.000074	1:(localhost) BEGIN; ()
2017-11-28T10:25:52.073998+08:00		sql	0.000234	2:(localhost) INSERT INTO thread SET title = ?, created = NOW(); (fdddgdg)
2017-11-28T10:25:52.114666+08:00		sql	0.000358	3:(localhost) INSERT INTO comment SET thread_id = ?, username = ?, body = ?, created = NOW(); (3, gdfgdg, gdfgdfgfh)
2017-11-28T10:25:52.169643+08:00		sql	0.000444	4:(localhost) COMMIT; ()
2017-11-28T10:26:01.337112+08:00		sql	0.000261	1:(localhost) SELECT * FROM thread; ()
2017-11-28T10:28:58.551806+08:00		sql	0.000272	1:(localhost) SELECT * FROM thread; ()
2017-11-28T10:30:52.556532+08:00		sql	0.000071	1:(localhost) BEGIN; ()
2017-11-28T10:30:52.557023+08:00		sql	0.000225	2:(localhost) INSERT INTO thread SET title = ?, created = NOW(); (123)
2017-11-28T10:30:52.557383+08:00		sql	0.000148	3:(localhost) INSERT INTO comment SET thread_id = ?, username = ?, body = ?, created = NOW(); (4, 134, 124)
2017-11-28T10:30:52.562228+08:00		sql	0.004188	4:(localhost) COMMIT; ()
2017-11-28T10:30:57.673002+08:00		sql	0.000225	1:(localhost) SELECT * FROM thread; ()
2017-11-28T10:31:35.443105+08:00		sql	0.000195	1:(localhost) SELECT * FROM thread; ()
2017-11-28T10:36:28.161153+08:00		sql	0.000333	1:(localhost) SELECT * FROM thread; ()
2017-11-28T10:36:52.492876+08:00		sql	0.000188	1:(localhost) SELECT * FROM thread; ()
2017-11-28T10:37:26.244678+08:00		sql	0.000186	1:(localhost) SELECT * FROM thread; ()
2017-11-28T10:37:29.204121+08:00		sql	0.000306	1:(localhost) SELECT * FROM thread; ()
2017-11-28T10:39:09.415739+08:00		sql	0.000087	1:(localhost) BEGIN; ()
2017-11-28T10:39:09.416170+08:00		sql	0.000198	2:(localhost) INSERT INTO thread SET title = ?, created = NOW(); (test)
2017-11-28T10:39:09.416458+08:00		sql	0.000131	3:(localhost) INSERT INTO comment SET thread_id = ?, username = ?, body = ?, created = NOW(); (1, test, edsfgdgdh)
2017-11-28T10:39:09.417206+08:00		sql	0.000316	4:(localhost) COMMIT; ()
2017-11-28T10:39:16.585932+08:00		sql	0.000261	1:(localhost) SELECT * FROM thread; ()
2017-11-28T10:39:50.775346+08:00		sql	0.000250	1:(localhost) SELECT * FROM thread WHERE id = ?; (1)
2017-11-28T10:39:50.775788+08:00		sql	0.000207	2:(localhost) SELECT * FROM comment WHERE thread_id = ? ORDER BY created ASC; (1)
2017-11-28T10:43:19.123100+08:00		sql	0.000338	1:(localhost) SELECT * FROM thread; ()
2017-11-28T10:43:28.507773+08:00		sql	0.000145	1:(localhost) BEGIN; ()
2017-11-28T10:43:28.548710+08:00		sql	0.000448	2:(localhost) INSERT INTO thread SET title = ?, created = NOW(); (54)
2017-11-28T10:43:28.589683+08:00		sql	0.000334	3:(localhost) INSERT INTO comment SET thread_id = ?, username = ?, body = ?, created = NOW(); (2, rewr, tret)
2017-11-28T10:43:28.629997+08:00		sql	0.000496	4:(localhost) COMMIT; ()
2017-11-28T10:43:30.490532+08:00		sql	0.000259	1:(localhost) SELECT * FROM thread WHERE id = ?; (2)
2017-11-28T10:43:30.491043+08:00		sql	0.000265	2:(localhost) SELECT * FROM comment WHERE thread_id = ? ORDER BY created ASC; (2)
2017-11-28T10:43:36.917356+08:00		sql	0.000295	1:(localhost) SELECT * FROM thread WHERE id = ?; (2)
2017-11-28T10:43:36.918272+08:00		sql	0.000455	2:(localhost) SELECT * FROM comment WHERE thread_id = ? ORDER BY created ASC; (2)
2017-11-28T10:43:47.322158+08:00		sql	0.000298	1:(localhost) SELECT * FROM thread WHERE id = ?; (2)
2017-11-28T10:43:47.323741+08:00		sql	0.000878	2:(localhost) INSERT INTO comment SET thread_id = ?, username = ?, body = ?, created = NOW(); (2, lull, lull)
2017-11-28T10:43:48.552035+08:00		sql	0.000413	1:(localhost) SELECT * FROM thread WHERE id = ?; (2)
2017-11-28T10:43:48.552540+08:00		sql	0.000252	2:(localhost) SELECT * FROM comment WHERE thread_id = ? ORDER BY created ASC; (2)
2017-11-28T10:43:50.841355+08:00		sql	0.000206	1:(localhost) SELECT * FROM thread; ()
2017-11-28T10:43:52.642367+08:00		sql	0.000260	1:(localhost) SELECT * FROM thread WHERE id = ?; (1)
2017-11-28T10:43:52.642903+08:00		sql	0.000281	2:(localhost) SELECT * FROM comment WHERE thread_id = ? ORDER BY created ASC; (1)
2017-11-28T10:44:00.583833+08:00		sql	0.000272	1:(localhost) SELECT * FROM thread; ()
2017-11-28T10:44:31.442499+08:00		sql	0.000221	1:(localhost) SELECT * FROM thread; ()
2017-11-28T10:45:20.876518+08:00		sql	0.000210	1:(localhost) SELECT * FROM thread; ()
2017-11-28T10:51:28.257338+08:00		sql	0.000201	1:(localhost) SELECT * FROM thread; ()
2017-11-28T10:51:37.108245+08:00		sql	0.000113	1:(localhost) BEGIN; ()
2017-11-28T10:51:37.108714+08:00		sql	0.000242	2:(localhost) INSERT INTO thread SET title = ?, created = NOW(); (test)
2017-11-28T10:51:37.109055+08:00		sql	0.000152	3:(localhost) INSERT INTO comment SET thread_id = ?, username = ?, body = ?, created = NOW(); (1, test, test)
2017-11-28T10:51:37.113741+08:00		sql	0.004021	4:(localhost) COMMIT; ()
2017-11-28T10:51:39.135232+08:00		sql	0.000234	1:(localhost) SELECT * FROM thread WHERE id = ?; (1)
2017-11-28T10:51:39.135740+08:00		sql	0.000274	2:(localhost) SELECT * FROM comment WHERE thread_id = ? ORDER BY created ASC; (1)
2017-11-28T10:52:34.588698+08:00		sql	0.000222	1:(localhost) SELECT * FROM thread; ()
2017-11-28T10:52:41.302815+08:00		sql	0.000105	1:(localhost) BEGIN; ()
2017-11-28T10:52:41.303256+08:00		sql	0.000213	2:(localhost) INSERT INTO thread SET title = ?, created = NOW(); (test2)
2017-11-28T10:52:41.336712+08:00		sql	0.033178	3:(localhost) INSERT INTO comment SET thread_id = ?, username = ?, body = ?, created = NOW(); (2, test2, test2)
2017-11-28T10:52:41.376613+08:00		sql	0.000387	4:(localhost) COMMIT; ()
2017-11-28T10:52:43.679430+08:00		sql	0.000265	1:(localhost) SELECT * FROM thread; ()
2017-11-28T10:56:53.024476+08:00		sql	0.000201	1:(localhost) SELECT * FROM thread; ()
2017-11-28T10:58:42.317669+08:00		sql	0.000260	1:(localhost) SELECT * FROM thread; ()
2017-11-28T10:58:45.798516+08:00		sql	0.000272	1:(localhost) SELECT * FROM thread; ()
2017-11-28T10:58:57.104968+08:00		sql	0.000066	1:(localhost) BEGIN; ()
2017-11-28T10:58:57.105368+08:00		sql	0.000184	2:(localhost) INSERT INTO thread SET title = ?, created = NOW(); (fdsf)
2017-11-28T10:58:57.105652+08:00		sql	0.000131	3:(localhost) INSERT INTO comment SET thread_id = ?, username = ?, body = ?, created = NOW(); (3, fdsfsffsdfsfdsf, fdsfdsfdsfdsfs)
2017-11-28T10:58:57.133407+08:00		sql	0.027566	4:(localhost) COMMIT; ()
2017-11-28T10:58:58.786143+08:00		sql	0.000272	1:(localhost) SELECT * FROM thread WHERE id = ?; (3)
2017-11-28T10:58:58.786630+08:00		sql	0.000229	2:(localhost) SELECT * FROM comment WHERE thread_id = ? ORDER BY created ASC; (3)
2017-11-28T12:15:18.109668+08:00		sql	0.000227	1:(localhost) SELECT * FROM thread WHERE id = ?; (3)
2017-11-28T12:15:18.157433+08:00		sql	0.000415	2:(localhost) SELECT * FROM comment WHERE thread_id = ? ORDER BY created ASC; (3)
2017-11-28T12:15:21.255750+08:00		sql	0.000262	1:(localhost) SELECT * FROM thread; ()
2017-11-28T12:15:23.360718+08:00		sql	0.000253	1:(localhost) SELECT * FROM thread WHERE id = ?; (2)
2017-11-28T12:15:23.361174+08:00		sql	0.000217	2:(localhost) SELECT * FROM comment WHERE thread_id = ? ORDER BY created ASC; (2)
2017-11-28T12:15:25.678074+08:00		sql	0.000254	1:(localhost) SELECT * FROM thread; ()
2017-11-28T12:15:26.795242+08:00		sql	0.000267	1:(localhost) SELECT * FROM thread WHERE id = ?; (3)
2017-11-28T12:15:26.795786+08:00		sql	0.000270	2:(localhost) SELECT * FROM comment WHERE thread_id = ? ORDER BY created ASC; (3)
2017-11-28T12:15:28.519151+08:00		sql	0.000339	1:(localhost) SELECT * FROM thread; ()
2017-11-28T12:15:30.246365+08:00		sql	0.000278	1:(localhost) SELECT * FROM thread WHERE id = ?; (1)
2017-11-28T12:15:30.246880+08:00		sql	0.000264	2:(localhost) SELECT * FROM comment WHERE thread_id = ? ORDER BY created ASC; (1)
2017-11-28T12:15:36.580496+08:00		sql	0.000271	1:(localhost) SELECT * FROM thread; ()
2017-11-28T12:18:28.455757+08:00		sql	0.000082	1:(localhost) BEGIN; ()
2017-11-28T12:18:28.456192+08:00		sql	0.000213	2:(localhost) INSERT INTO thread SET title = ?, created = NOW(); (tetwt)
2017-11-28T12:18:28.481140+08:00		sql	0.024670	3:(localhost) INSERT INTO comment SET thread_id = ?, username = ?, body = ?, created = NOW(); (4, gdfgdgdgd, fdgdggdfg)
2017-11-28T12:18:28.522327+08:00		sql	0.000740	4:(localhost) COMMIT; ()
2017-11-28T12:18:32.463899+08:00		sql	0.000268	1:(localhost) SELECT * FROM thread; ()
2017-11-28T12:18:37.718665+08:00		sql	0.000085	1:(localhost) BEGIN; ()
2017-11-28T12:18:37.719193+08:00		sql	0.000281	2:(localhost) INSERT INTO thread SET title = ?, created = NOW(); (gfdgdgdgdg)
2017-11-28T12:19:15.929274+08:00		sql	0.000078	1:(localhost) BEGIN; ()
2017-11-28T12:19:15.929986+08:00		sql	0.000432	2:(localhost) INSERT INTO thread SET title = ?, created = NOW(); (ffsgfdgffhfhh)
2017-11-28T12:19:50.816333+08:00		sql	0.000118	1:(localhost) BEGIN; ()
2017-11-28T12:19:50.816872+08:00		sql	0.000240	2:(localhost) INSERT INTO thread SET title = ?, created = NOW(); (test1)
2017-11-28T12:19:50.817293+08:00		sql	0.000172	3:(localhost) INSERT INTO comment SET thread_id = ?, username = ?, body = ?, created = NOW(); (7, test3, miguel)
2017-11-28T12:19:50.822124+08:00		sql	0.004208	4:(localhost) COMMIT; ()
2017-11-28T12:19:52.843796+08:00		sql	0.000379	1:(localhost) SELECT * FROM thread; ()
2017-11-28T12:19:56.397698+08:00		sql	0.000297	1:(localhost) SELECT * FROM thread WHERE id = ?; (4)
2017-11-28T12:19:56.438345+08:00		sql	0.000528	2:(localhost) SELECT * FROM comment WHERE thread_id = ? ORDER BY created ASC; (4)
2017-11-28T12:20:02.117143+08:00		sql	0.000293	1:(localhost) SELECT * FROM thread WHERE id = ?; (4)
2017-11-28T12:20:02.220501+08:00		sql	0.102045	2:(localhost) INSERT INTO comment SET thread_id = ?, username = ?, body = ?, created = NOW(); (4, hello, world)
2017-11-28T12:20:03.736046+08:00		sql	0.000268	1:(localhost) SELECT * FROM thread WHERE id = ?; (4)
2017-11-28T12:20:03.736572+08:00		sql	0.000278	2:(localhost) SELECT * FROM comment WHERE thread_id = ? ORDER BY created ASC; (4)
2017-11-28T12:21:03.203351+08:00		sql	0.000236	1:(localhost) SELECT * FROM thread WHERE id = ?; (4)
2017-11-28T12:22:33.598443+08:00		sql	0.000267	1:(localhost) SELECT * FROM thread WHERE id = ?; (4)
2017-11-28T12:23:10.655575+08:00		sql	0.000401	1:(localhost) SELECT * FROM thread WHERE id = ?; (4)
2017-11-28T12:23:16.383463+08:00		sql	0.000254	1:(localhost) SELECT * FROM thread; ()
2017-11-28T12:25:46.782831+08:00		sql	0.000220	1:(localhost) SELECT * FROM thread; ()
2017-11-28T12:25:56.594272+08:00		sql	0.000076	1:(localhost) BEGIN; ()
2017-11-28T12:25:56.594703+08:00		sql	0.000213	2:(localhost) INSERT INTO thread SET title = ?, created = NOW(); (test1)
2017-11-28T12:25:56.594984+08:00		sql	0.000118	3:(localhost) INSERT INTO comment SET thread_id = ?, username = ?, body = ?, created = NOW(); (1, migz, test comment)
2017-11-28T12:25:56.599982+08:00		sql	0.004141	4:(localhost) COMMIT; ()
2017-11-28T12:26:00.636421+08:00		sql	0.000216	1:(localhost) SELECT * FROM thread; ()
2017-11-28T12:26:12.496728+08:00		sql	0.000068	1:(localhost) BEGIN; ()
2017-11-28T12:26:12.497142+08:00		sql	0.000198	2:(localhost) INSERT INTO thread SET title = ?, created = NOW(); (test)
2017-11-28T12:26:12.497476+08:00		sql	0.000124	3:(localhost) INSERT INTO comment SET thread_id = ?, username = ?, body = ?, created = NOW(); (2, test, test)
2017-11-28T12:26:12.560832+08:00		sql	0.022470	4:(localhost) COMMIT; ()
2017-11-28T12:26:13.641720+08:00		sql	0.000226	1:(localhost) SELECT * FROM thread; ()
2017-11-28T12:26:23.093607+08:00		sql	0.000287	1:(localhost) SELECT * FROM thread WHERE id = ?; (1)
2017-11-28T12:26:23.094333+08:00		sql	0.000428	2:(localhost) SELECT * FROM comment WHERE thread_id = ? ORDER BY created ASC; (1)
2017-11-28T13:30:58.246063+08:00		sql	0.000311	1:(localhost) SELECT * FROM thread; ()
2017-11-28T13:35:15.020456+08:00		sql	0.000220	1:(localhost) SELECT * FROM thread; ()
2017-11-28T13:35:16.473363+08:00		sql	0.000294	1:(localhost) SELECT * FROM thread WHERE id = ?; (1)
2017-11-28T13:35:16.474211+08:00		sql	0.000223	2:(localhost) DELETE FROM thread WHERE id = ?; ()
2017-11-28T13:35:28.573927+08:00		sql	0.000289	1:(localhost) SELECT * FROM thread WHERE id = ?; (1)
2017-11-28T13:35:28.665985+08:00		sql	0.000214	2:(localhost) DELETE FROM thread WHERE id = ?; ()
2017-11-28T13:43:29.503215+08:00		sql	0.000254	1:(localhost) SELECT * FROM thread WHERE id = ?; (1)
2017-11-28T13:43:29.503687+08:00		sql	0.000208	2:(localhost) SELECT * FROM comment WHERE thread_id = ? ORDER BY created ASC; (1)
2017-11-28T13:44:36.618658+08:00		sql	0.000214	1:(localhost) SELECT * FROM thread; ()
2017-11-28T13:44:54.448833+08:00		sql	0.000224	1:(localhost) SELECT * FROM thread; ()
2017-11-28T13:45:38.334315+08:00		sql	0.000290	1:(localhost) SELECT * FROM thread; ()
2017-11-28T13:46:21.275407+08:00		sql	0.066772	1:(localhost) DELETE FROM thread WHERE id = ?; (1)
2017-11-28T13:46:28.798457+08:00		sql	0.000238	1:(localhost) SELECT * FROM thread; ()
2017-11-28T13:52:14.510441+08:00		sql	0.000211	1:(localhost) SELECT * FROM thread; ()
2017-11-28T13:52:20.935462+08:00		sql	0.000079	1:(localhost) BEGIN; ()
2017-11-28T13:52:20.976366+08:00		sql	0.000469	2:(localhost) INSERT INTO thread SET title = ?, created = NOW(); (fdsfdsfs)
2017-11-28T13:52:21.017044+08:00		sql	0.000319	3:(localhost) INSERT INTO comment SET thread_id = ?, username = ?, body = ?, created = NOW(); (3, fdfsf, fsdf)
2017-11-28T13:52:21.058179+08:00		sql	0.000706	4:(localhost) COMMIT; ()
2017-11-28T13:52:22.368323+08:00		sql	0.000250	1:(localhost) SELECT * FROM thread; ()
2017-11-28T13:52:25.534694+08:00		sql	0.000608	1:(localhost) DELETE FROM thread WHERE id = ?; (2)
2017-11-28T13:52:28.777024+08:00		sql	0.000199	1:(localhost) SELECT * FROM thread; ()
2017-11-28T13:58:29.174317+08:00		sql	0.000235	1:(localhost) SELECT * FROM thread; ()
2017-11-28T13:58:33.091902+08:00		sql	0.000088	1:(localhost) BEGIN; ()
2017-11-28T13:58:33.092386+08:00		sql	0.000245	2:(localhost) INSERT INTO thread SET title = ?, created = NOW(); (dsfsf)
2017-11-28T13:58:33.134119+08:00		sql	0.000284	3:(localhost) INSERT INTO comment SET thread_id = ?, username = ?, body = ?, created = NOW(); (4, fdsf, fdsfs)
2017-11-28T13:58:33.175145+08:00		sql	0.000618	4:(localhost) COMMIT; ()
2017-11-28T13:58:34.748271+08:00		sql	0.000250	1:(localhost) SELECT * FROM thread; ()
2017-11-28T13:58:36.361047+08:00		sql	0.000695	1:(localhost) DELETE FROM thread WHERE id = ?; (4)
2017-11-28T13:58:44.949207+08:00		sql	0.000209	1:(localhost) SELECT * FROM thread; ()
2017-11-28T13:59:35.128530+08:00		sql	0.000065	1:(localhost) BEGIN; ()
2017-11-28T13:59:35.128975+08:00		sql	0.000224	2:(localhost) INSERT INTO thread SET title = ?, created = NOW(); (ddfdf)
2017-11-28T13:59:35.169690+08:00		sql	0.000365	3:(localhost) INSERT INTO comment SET thread_id = ?, username = ?, body = ?, created = NOW(); (5, fdf, ffdfdf)
2017-11-28T13:59:35.218411+08:00		sql	0.000709	4:(localhost) COMMIT; ()
2017-11-28T13:59:36.183184+08:00		sql	0.000270	1:(localhost) SELECT * FROM thread; ()
2017-11-28T13:59:39.531726+08:00		sql	0.000084	1:(localhost) BEGIN; ()
2017-11-28T13:59:39.532183+08:00		sql	0.000230	2:(localhost) INSERT INTO thread SET title = ?, created = NOW(); (fddf)
2017-11-28T13:59:39.532796+08:00		sql	0.000353	3:(localhost) INSERT INTO comment SET thread_id = ?, username = ?, body = ?, created = NOW(); (6, fdfd, fdfdf)
2017-11-28T13:59:39.646686+08:00		sql	0.074325	4:(localhost) COMMIT; ()
2017-11-28T13:59:40.668324+08:00		sql	0.000255	1:(localhost) SELECT * FROM thread; ()
2017-11-28T13:59:44.615826+08:00		sql	0.000071	1:(localhost) BEGIN; ()
2017-11-28T13:59:44.616257+08:00		sql	0.000201	2:(localhost) INSERT INTO thread SET title = ?, created = NOW(); (fdfdf)
2017-11-28T13:59:44.616590+08:00		sql	0.000156	3:(localhost) INSERT INTO comment SET thread_id = ?, username = ?, body = ?, created = NOW(); (7, fdf, fdfdf)
2017-11-28T13:59:44.617411+08:00		sql	0.000603	4:(localhost) COMMIT; ()
2017-11-28T13:59:45.591329+08:00		sql	0.000276	1:(localhost) SELECT * FROM thread; ()
2017-11-28T14:00:22.258180+08:00		sql	0.002366	1:(localhost) DELETE FROM thread WHERE id = ?; (7)
2017-11-28T14:01:04.890380+08:00		sql	0.000243	1:(localhost) SELECT * FROM thread; ()
2017-11-28T14:01:20.999651+08:00		sql	0.000269	1:(localhost) SELECT * FROM thread; ()
2017-11-28T14:01:23.343712+08:00		sql	0.000267	1:(localhost) SELECT * FROM thread; ()
2017-11-28T14:01:53.532892+08:00		sql	0.059774	1:(localhost) DELETE FROM thread WHERE id = ?; (6)
2017-11-28T14:02:37.853237+08:00		sql	0.000192	1:(localhost) DELETE FROM thread WHERE id = ?; (6)
2017-11-28T14:07:45.467402+08:00		sql	0.000209	1:(localhost) SELECT * FROM thread; ()
2017-11-28T14:07:47.628356+08:00		sql	0.000621	1:(localhost) DELETE FROM thread WHERE id = ?; (5)
2017-11-28T14:08:36.038137+08:00		sql	0.000208	1:(localhost) DELETE FROM thread WHERE id = ?; (5)
2017-11-28T14:09:05.874849+08:00		sql	0.000208	1:(localhost) SELECT * FROM thread; ()
2017-11-28T14:09:06.494836+08:00		sql	0.000223	1:(localhost) SELECT * FROM thread; ()
2017-11-28T14:09:11.784282+08:00		sql	0.000078	1:(localhost) BEGIN; ()
2017-11-28T14:09:11.784985+08:00		sql	0.000378	2:(localhost) INSERT INTO thread SET title = ?, created = NOW(); (fdf)
2017-11-28T14:09:11.826369+08:00		sql	0.000375	3:(localhost) INSERT INTO comment SET thread_id = ?, username = ?, body = ?, created = NOW(); (8, fdf, fdsfd)
2017-11-28T14:09:11.867504+08:00		sql	0.000689	4:(localhost) COMMIT; ()
2017-11-28T14:09:13.565901+08:00		sql	0.000297	1:(localhost) SELECT * FROM thread; ()
2017-11-28T14:09:17.676829+08:00		sql	0.000080	1:(localhost) BEGIN; ()
2017-11-28T14:09:17.677294+08:00		sql	0.000220	2:(localhost) INSERT INTO thread SET title = ?, created = NOW(); (fdffg)
2017-11-28T14:09:17.677590+08:00		sql	0.000121	3:(localhost) INSERT INTO comment SET thread_id = ?, username = ?, body = ?, created = NOW(); (9, gfgd, ghh)
2017-11-28T14:09:17.678211+08:00		sql	0.000283	4:(localhost) COMMIT; ()
2017-11-28T14:09:19.233091+08:00		sql	0.000251	1:(localhost) SELECT * FROM thread; ()
2017-11-28T14:09:21.930012+08:00		sql	0.044833	1:(localhost) DELETE FROM thread WHERE id = ?; (9)
2017-11-28T14:09:43.571525+08:00		sql	0.000328	1:(localhost) SELECT * FROM thread; ()
2017-11-28T14:10:46.624870+08:00		sql	0.000223	1:(localhost) DELETE FROM thread WHERE id = ?; (9)
2017-11-28T14:12:34.269798+08:00		sql	0.000211	1:(localhost) DELETE FROM thread WHERE id = ?; (9)
2017-11-28T14:12:39.452703+08:00		sql	0.000283	1:(localhost) SELECT * FROM thread; ()
2017-11-28T14:12:43.756934+08:00		sql	0.000067	1:(localhost) BEGIN; ()
2017-11-28T14:12:43.757377+08:00		sql	0.000208	2:(localhost) INSERT INTO thread SET title = ?, created = NOW(); (dfdfdr)
2017-11-28T14:12:43.757732+08:00		sql	0.000149	3:(localhost) INSERT INTO comment SET thread_id = ?, username = ?, body = ?, created = NOW(); (10, gtrteytrtutr, efredwrf)
2017-11-28T14:12:43.759013+08:00		sql	0.000955	4:(localhost) COMMIT; ()
2017-11-28T14:12:44.918110+08:00		sql	0.000287	1:(localhost) SELECT * FROM thread; ()
2017-11-28T14:12:45.918101+08:00		sql	0.000681	1:(localhost) DELETE FROM thread WHERE id = ?; (10)
2017-11-28T14:16:13.346169+08:00		sql	0.000220	1:(localhost) SELECT * FROM thread; ()
2017-11-28T14:16:15.878629+08:00		sql	0.000631	1:(localhost) DELETE FROM thread WHERE id = 8; ()
2017-11-28T14:16:19.486714+08:00		sql	0.000209	1:(localhost) SELECT * FROM thread; ()
2017-11-28T14:23:22.157063+08:00		sql	0.000338	1:(localhost) SELECT * FROM thread; ()
2017-11-28T14:23:25.077039+08:00		sql	0.000071	1:(localhost) BEGIN; ()
2017-11-28T14:23:25.077501+08:00		sql	0.000238	2:(localhost) INSERT INTO thread SET title = ?, created = NOW(); (desf)
2017-11-28T14:23:25.118524+08:00		sql	0.000403	3:(localhost) INSERT INTO comment SET thread_id = ?, username = ?, body = ?, created = NOW(); (11, fsdf, sdfsf)
2017-11-28T14:23:25.158465+08:00		sql	0.000435	4:(localhost) COMMIT; ()
2017-11-28T14:23:26.091513+08:00		sql	0.000257	1:(localhost) SELECT * FROM thread; ()
2017-11-28T14:23:26.896577+08:00		sql	0.000255	1:(localhost) SELECT * FROM thread WHERE id = ?; (11)
2017-11-28T14:23:32.151663+08:00		sql	0.000221	1:(localhost) SELECT * FROM thread; ()
2017-11-28T14:24:59.035269+08:00		sql	0.000278	1:(localhost) SELECT * FROM thread WHERE id = ?; (11)
2017-11-28T14:25:56.035602+08:00		sql	0.000235	1:(localhost) SELECT * FROM thread WHERE id = ?; (11)
2017-11-28T14:29:22.769323+08:00		sql	0.000300	1:(localhost) SELECT * FROM thread WHERE id = ?; (11)
2017-11-28T14:30:45.461233+08:00		sql	0.000245	1:(localhost) SELECT * FROM thread WHERE id = ?; (11)
2017-11-28T14:31:41.261067+08:00		sql	0.000287	1:(localhost) SELECT * FROM thread WHERE id = ?; (11)
2017-11-28T14:31:41.261767+08:00		sql	0.000452	2:(localhost) DELETE FROM thread WHERE id = id; ()
2017-11-28T14:31:46.971221+08:00		sql	0.000197	1:(localhost) SELECT * FROM thread; ()
2017-11-28T14:31:52.774708+08:00		sql	0.000083	1:(localhost) BEGIN; ()
2017-11-28T14:31:52.775150+08:00		sql	0.000204	2:(localhost) INSERT INTO thread SET title = ?, created = NOW(); (dasdad)
2017-11-28T14:31:52.775452+08:00		sql	0.000128	3:(localhost) INSERT INTO comment SET thread_id = ?, username = ?, body = ?, created = NOW(); (12, dsad, dsadd)
2017-11-28T14:31:52.776270+08:00		sql	0.000324	4:(localhost) COMMIT; ()
2017-11-28T14:31:53.659428+08:00		sql	0.000261	1:(localhost) SELECT * FROM thread; ()
2017-11-28T14:31:57.592401+08:00		sql	0.000069	1:(localhost) BEGIN; ()
2017-11-28T14:31:57.592877+08:00		sql	0.000262	2:(localhost) INSERT INTO thread SET title = ?, created = NOW(); (sdfsf)
2017-11-28T14:31:57.634528+08:00		sql	0.000352	3:(localhost) INSERT INTO comment SET thread_id = ?, username = ?, body = ?, created = NOW(); (13, fdsfsf, fsdfsf)
2017-11-28T14:31:57.675251+08:00		sql	0.000742	4:(localhost) COMMIT; ()
2017-11-28T14:31:58.485600+08:00		sql	0.000273	1:(localhost) SELECT * FROM thread; ()
2017-11-28T14:31:59.837897+08:00		sql	0.000287	1:(localhost) SELECT * FROM thread WHERE id = ?; (13)
2017-11-28T14:31:59.839327+08:00		sql	0.001128	2:(localhost) DELETE FROM thread WHERE id = id; ()
2017-11-28T14:32:02.395848+08:00		sql	0.000188	1:(localhost) SELECT * FROM thread; ()
2017-11-28T14:32:23.241736+08:00		sql	0.000091	1:(localhost) BEGIN; ()
2017-11-28T14:32:23.242317+08:00		sql	0.000269	2:(localhost) INSERT INTO thread SET title = ?, created = NOW(); (dsad)
2017-11-28T14:32:23.242702+08:00		sql	0.000171	3:(localhost) INSERT INTO comment SET thread_id = ?, username = ?, body = ?, created = NOW(); (14, asd, dads)
2017-11-28T14:32:23.243360+08:00		sql	0.000490	4:(localhost) COMMIT; ()
2017-11-28T14:32:23.985876+08:00		sql	0.000243	1:(localhost) SELECT * FROM thread; ()
2017-11-28T14:32:27.052852+08:00		sql	0.000064	1:(localhost) BEGIN; ()
2017-11-28T14:32:27.053274+08:00		sql	0.000210	2:(localhost) INSERT INTO thread SET title = ?, created = NOW(); (dsad)
2017-11-28T14:32:27.093929+08:00		sql	0.000271	3:(localhost) INSERT INTO comment SET thread_id = ?, username = ?, body = ?, created = NOW(); (15, sad, dasd)
2017-11-28T14:32:27.094863+08:00		sql	0.000422	4:(localhost) COMMIT; ()
2017-11-28T14:32:28.031483+08:00		sql	0.000245	1:(localhost) SELECT * FROM thread; ()
2017-11-28T14:32:29.190825+08:00		sql	0.014757	1:(localhost) DELETE FROM thread WHERE id = 15; ()
2017-11-28T14:32:31.898531+08:00		sql	0.000221	1:(localhost) SELECT * FROM thread; ()
2017-11-28T14:35:05.446527+08:00		sql	0.000079	1:(localhost) BEGIN; ()
2017-11-28T14:35:05.447017+08:00		sql	0.000250	2:(localhost) INSERT INTO thread SET title = ?, created = NOW(); (yyyy)
2017-11-28T14:35:05.487030+08:00		sql	0.000273	3:(localhost) INSERT INTO comment SET thread_id = ?, username = ?, body = ?, created = NOW(); (16, u77, 7777u)
2017-11-28T14:35:05.487669+08:00		sql	0.000363	4:(localhost) COMMIT; ()
2017-11-28T14:35:06.580365+08:00		sql	0.000214	1:(localhost) SELECT * FROM thread; ()
2017-11-28T14:35:19.428457+08:00		sql	0.000510	1:(localhost) DELETE FROM thread WHERE id = 16; ()
2017-11-28T14:40:01.693773+08:00		sql	0.000184	1:(localhost) DELETE FROM thread WHERE id = 16; ()
2017-11-28T14:43:57.037302+08:00		sql	0.000244	1:(localhost) SELECT * FROM thread; ()
2017-11-28T14:45:12.128609+08:00		sql	0.000402	1:(localhost) SELECT * FROM thread; ()
2017-11-28T14:45:15.346942+08:00		sql	0.000074	1:(localhost) BEGIN; ()
2017-11-28T14:45:15.347489+08:00		sql	0.000258	2:(localhost) INSERT INTO thread SET title = ?, created = NOW(); (gret)
2017-11-28T14:45:15.348133+08:00		sql	0.000255	3:(localhost) INSERT INTO comment SET thread_id = ?, username = ?, body = ?, created = NOW(); (17, tert, tretet)
2017-11-28T14:45:15.390018+08:00		sql	0.000664	4:(localhost) COMMIT; ()
2017-11-28T14:45:16.207343+08:00		sql	0.000265	1:(localhost) SELECT * FROM thread; ()
2017-11-28T14:45:20.176588+08:00		sql	0.000244	1:(localhost) SELECT * FROM thread; ()
2017-11-28T14:50:19.109552+08:00		sql	0.000274	1:(localhost) SELECT * FROM thread; ()
2017-11-28T14:50:28.186688+08:00		sql	0.000259	1:(localhost) SELECT * FROM thread; ()
2017-11-28T14:51:22.608368+08:00		sql	0.000214	1:(localhost) SELECT * FROM thread; ()
2017-11-28T14:51:27.784548+08:00		sql	0.000231	1:(localhost) SELECT * FROM thread; ()
2017-11-28T14:51:38.881482+08:00		sql	0.000256	1:(localhost) SELECT * FROM thread; ()
2017-11-28T14:51:48.943596+08:00		sql	0.000208	1:(localhost) SELECT * FROM thread; ()
2017-11-28T14:52:29.608407+08:00		sql	0.000227	1:(localhost) SELECT * FROM thread; ()
2017-11-28T14:52:32.237141+08:00		sql	0.000276	1:(localhost) SELECT * FROM thread; ()
2017-11-28T14:52:35.512211+08:00		sql	0.045102	1:(localhost) DELETE FROM thread WHERE id = 17; ()
2017-11-28T14:52:39.696312+08:00		sql	0.000222	1:(localhost) SELECT * FROM thread; ()
2017-11-28T14:52:59.278882+08:00		sql	0.000604	1:(localhost) DELETE FROM thread WHERE id = 14; ()
2017-11-28T14:53:04.985010+08:00		sql	0.000220	1:(localhost) SELECT * FROM thread; ()
2017-11-28T14:55:14.544157+08:00		sql	0.000249	1:(localhost) SELECT * FROM thread WHERE id = ?; (17)
2017-11-28T14:55:25.456551+08:00		sql	0.000082	1:(localhost) BEGIN; ()
2017-11-28T14:55:25.457186+08:00		sql	0.000344	2:(localhost) INSERT INTO thread SET title = ?, created = NOW(); (reet)
2017-11-28T14:55:25.458117+08:00		sql	0.000406	3:(localhost) INSERT INTO comment SET thread_id = ?, username = ?, body = ?, created = NOW(); (18, tret, tert)
2017-11-28T14:55:25.462193+08:00		sql	0.003792	4:(localhost) COMMIT; ()
2017-11-28T14:55:26.464712+08:00		sql	0.000249	1:(localhost) SELECT * FROM thread; ()
2017-11-28T14:55:29.245134+08:00		sql	0.000101	1:(localhost) BEGIN; ()
2017-11-28T14:55:29.245605+08:00		sql	0.000242	2:(localhost) INSERT INTO thread SET title = ?, created = NOW(); (tertet)
2017-11-28T14:55:29.310439+08:00		sql	0.024327	3:(localhost) INSERT INTO comment SET thread_id = ?, username = ?, body = ?, created = NOW(); (19, tert, tertet)
2017-11-28T14:55:29.351576+08:00		sql	0.000681	4:(localhost) COMMIT; ()
2017-11-28T14:55:30.403093+08:00		sql	0.000296	1:(localhost) SELECT * FROM thread; ()
2017-11-28T14:55:31.294760+08:00		sql	0.000272	1:(localhost) SELECT * FROM thread WHERE id = ?; (19)
2017-11-28T14:55:32.455422+08:00		sql	0.000279	1:(localhost) SELECT * FROM thread; ()
2017-11-28T14:55:34.227654+08:00		sql	0.000290	1:(localhost) SELECT * FROM thread; ()
2017-11-28T14:55:40.152148+08:00		sql	0.000221	1:(localhost) SELECT * FROM thread WHERE id = ?; (17)
2017-11-28T14:56:15.330000+08:00		sql	0.000182	1:(localhost) DELETE FROM thread WHERE id = ?; (17)
2017-11-28T14:56:55.361776+08:00		sql	0.000285	1:(localhost) SELECT * FROM thread; ()
2017-11-28T14:56:57.366509+08:00		sql	0.000586	1:(localhost) DELETE FROM thread WHERE id = ?; (19)
2017-11-28T14:57:02.774337+08:00		sql	0.000254	1:(localhost) SELECT * FROM thread; ()
2017-11-28T15:02:46.406659+08:00		sql	0.000180	1:(localhost) DELETE FROM thread WHERE id = ?; (17)
2017-11-28T15:12:25.734119+08:00		sql	0.000262	1:(localhost) SELECT * FROM thread; ()
2017-11-28T15:12:29.611019+08:00		sql	0.000081	1:(localhost) BEGIN; ()
2017-11-28T15:12:29.611456+08:00		sql	0.000220	2:(localhost) INSERT INTO thread SET title = ?, created = NOW(); (eweqr)
2017-11-28T15:12:29.651079+08:00		sql	0.000312	3:(localhost) INSERT INTO comment SET thread_id = ?, username = ?, body = ?, created = NOW(); (20, rewrw, rwerwr)
2017-11-28T15:12:29.651757+08:00		sql	0.000318	4:(localhost) COMMIT; ()
2017-11-28T15:12:30.909399+08:00		sql	0.000258	1:(localhost) SELECT * FROM thread; ()
2017-11-28T15:12:40.095794+08:00		sql	0.000215	1:(localhost) SELECT * FROM thread; ()
2017-11-28T15:13:38.203810+08:00		sql	0.000285	1:(localhost) SELECT * FROM thread; ()
2017-11-28T15:16:56.325381+08:00		sql	0.000201	1:(localhost) SELECT * FROM thread; ()
2017-11-28T15:17:03.868828+08:00		sql	0.000288	1:(localhost) SELECT * FROM thread; ()
2017-11-28T15:17:06.147213+08:00		sql	0.000580	1:(localhost) DELETE FROM thread WHERE id = ?; (20)
2017-11-28T15:17:10.501724+08:00		sql	0.000289	1:(localhost) SELECT * FROM thread; ()
2017-11-28T15:17:11.819690+08:00		sql	0.000657	1:(localhost) DELETE FROM thread WHERE id = ?; (18)
2017-11-28T15:17:32.804174+08:00		sql	0.000196	1:(localhost) SELECT * FROM thread; ()
2017-11-28T15:17:36.674029+08:00		sql	0.000080	1:(localhost) BEGIN; ()
2017-11-28T15:17:36.714402+08:00		sql	0.000371	2:(localhost) INSERT INTO thread SET title = ?, created = NOW(); (rerwrwr)
2017-11-28T15:17:36.715096+08:00		sql	0.000203	3:(localhost) INSERT INTO comment SET thread_id = ?, username = ?, body = ?, created = NOW(); (1, rewrwr, erwre)
2017-11-28T15:17:36.715733+08:00		sql	0.000420	4:(localhost) COMMIT; ()
2017-11-28T15:17:37.605812+08:00		sql	0.000248	1:(localhost) SELECT * FROM thread; ()
2017-11-28T15:17:40.500332+08:00		sql	0.000089	1:(localhost) BEGIN; ()
2017-11-28T15:17:40.540472+08:00		sql	0.000457	2:(localhost) INSERT INTO thread SET title = ?, created = NOW(); (erwrwr)
2017-11-28T15:17:40.580522+08:00		sql	0.000393	3:(localhost) INSERT INTO comment SET thread_id = ?, username = ?, body = ?, created = NOW(); (2, rewr, wrewr)
2017-11-28T15:17:40.620463+08:00		sql	0.000409	4:(localhost) COMMIT; ()
2017-11-28T15:17:41.360321+08:00		sql	0.000231	1:(localhost) SELECT * FROM thread; ()
2017-11-28T15:17:44.856076+08:00		sql	0.000064	1:(localhost) BEGIN; ()
2017-11-28T15:17:44.856457+08:00		sql	0.000175	2:(localhost) INSERT INTO thread SET title = ?, created = NOW(); (rwerwr)
2017-11-28T15:17:44.856695+08:00		sql	0.000105	3:(localhost) INSERT INTO comment SET thread_id = ?, username = ?, body = ?, created = NOW(); (3, rwerw, rwerwr)
2017-11-28T15:17:44.857108+08:00		sql	0.000314	4:(localhost) COMMIT; ()
2017-11-28T15:17:45.598269+08:00		sql	0.000231	1:(localhost) SELECT * FROM thread; ()
2017-11-28T15:17:49.178235+08:00		sql	0.000067	1:(localhost) BEGIN; ()
2017-11-28T15:17:49.178683+08:00		sql	0.000218	2:(localhost) INSERT INTO thread SET title = ?, created = NOW(); (rwerwr)
2017-11-28T15:17:49.178965+08:00		sql	0.000118	3:(localhost) INSERT INTO comment SET thread_id = ?, username = ?, body = ?, created = NOW(); (4, rewr, rwerwer)
2017-11-28T15:17:49.179676+08:00		sql	0.000268	4:(localhost) COMMIT; ()
2017-11-28T15:17:50.089373+08:00		sql	0.000257	1:(localhost) SELECT * FROM thread; ()
2017-11-28T15:17:54.047585+08:00		sql	0.000081	1:(localhost) BEGIN; ()
2017-11-28T15:17:54.048061+08:00		sql	0.000242	2:(localhost) INSERT INTO thread SET title = ?, created = NOW(); (rewrr)
2017-11-28T15:17:54.048393+08:00		sql	0.000148	3:(localhost) INSERT INTO comment SET thread_id = ?, username = ?, body = ?, created = NOW(); (5, rewr, rwerwr)
2017-11-28T15:17:54.053266+08:00		sql	0.003995	4:(localhost) COMMIT; ()
2017-11-28T15:17:56.931263+08:00		sql	0.000364	1:(localhost) SELECT * FROM thread; ()
2017-11-28T15:18:01.232655+08:00		sql	0.000556	1:(localhost) DELETE FROM thread WHERE id = ?; (5)
2017-11-28T15:44:52.920812+08:00		sql	0.000228	1:(localhost) DELETE FROM thread WHERE id = 5; (5)
2017-11-28T15:47:02.808656+08:00		sql	0.000238	1:(localhost) SELECT * FROM thread WHERE id = 5; (5)
2017-11-28T15:48:03.404824+08:00		sql	0.000232	1:(localhost) SELECT * FROM thread WHERE id = ?; (5)
2017-11-28T15:48:11.095288+08:00		sql	0.000351	1:(localhost) SELECT * FROM thread; ()
2017-11-28T15:48:12.407938+08:00		sql	0.000310	1:(localhost) SELECT * FROM thread WHERE id = ?; (4)
2017-11-28T15:48:13.493822+08:00		sql	0.000254	1:(localhost) SELECT * FROM thread; ()
2017-11-28T15:48:15.283918+08:00		sql	0.000212	1:(localhost) SELECT * FROM thread; ()
2017-11-28T15:48:41.360468+08:00		sql	0.000218	1:(localhost) SELECT * FROM thread; ()
2017-11-28T15:48:42.783623+08:00		sql	0.000282	1:(localhost) SELECT * FROM thread WHERE id = ?; (4)
2017-11-28T15:49:10.141958+08:00		sql	0.000586	1:(localhost) DELETE FROM thread WHERE id = 4; (4)
2017-11-28T15:49:34.234627+08:00		sql	0.000189	1:(localhost) DELETE FROM thread WHERE id = 4; (4)
2017-11-28T15:53:30.478499+08:00		sql	0.000338	1:(localhost) DELETE FROM thread WHERE id = ?; (4)
2017-11-28T15:53:33.382323+08:00		sql	0.000234	1:(localhost) SELECT * FROM thread; ()
2017-11-28T15:53:34.989213+08:00		sql	0.000234	1:(localhost) SELECT * FROM thread; ()
2017-11-28T15:53:36.328200+08:00		sql	0.000930	1:(localhost) DELETE FROM thread WHERE id = ?; (3)
2017-11-28T15:53:37.259241+08:00		sql	0.000268	1:(localhost) SELECT * FROM thread; ()
2017-11-28T15:53:39.193464+08:00		sql	0.000217	1:(localhost) SELECT * FROM thread; ()
2017-11-28T15:53:40.635139+08:00		sql	0.010398	1:(localhost) DELETE FROM thread WHERE id = ?; (2)
2017-11-28T15:54:14.286562+08:00		sql	0.000207	1:(localhost) DELETE FROM thread WHERE id = ?; (2)
2017-11-28T15:54:15.089955+08:00		sql	0.000240	1:(localhost) SELECT * FROM thread; ()
2017-11-28T15:54:15.987121+08:00		sql	0.009718	1:(localhost) DELETE FROM thread WHERE id = ?; (1)
2017-11-28T15:54:16.689499+08:00		sql	0.000261	1:(localhost) SELECT * FROM thread; ()
2017-11-28T15:54:18.502235+08:00		sql	0.000341	1:(localhost) SELECT * FROM thread; ()
2017-11-28T15:55:15.192554+08:00		sql	0.000196	1:(localhost) SELECT * FROM thread; ()
2017-11-28T15:57:28.095134+08:00		sql	0.000114	1:(localhost) BEGIN; ()
2017-11-28T15:57:28.095625+08:00		sql	0.000215	2:(localhost) INSERT INTO thread SET title = ?, created = NOW(); (1)
2017-11-28T15:57:28.095936+08:00		sql	0.000138	3:(localhost) INSERT INTO comment SET thread_id = ?, username = ?, body = ?, created = NOW(); (1, 1, 1)
2017-11-28T15:57:28.096593+08:00		sql	0.000542	4:(localhost) COMMIT; ()
2017-11-28T15:57:29.406325+08:00		sql	0.000295	1:(localhost) SELECT * FROM thread WHERE id = ?; (1)
2017-11-28T15:57:29.413894+08:00		sql	0.000546	2:(localhost) SELECT * FROM comment WHERE thread_id = ? ORDER BY created ASC; (1)
2017-11-28T15:57:38.278321+08:00		sql	0.000238	1:(localhost) SELECT * FROM thread WHERE id = ?; (1)
2017-11-28T15:57:38.279532+08:00		sql	0.000759	2:(localhost) INSERT INTO comment SET thread_id = ?, username = ?, body = ?, created = NOW(); (1, ewan, ewan)
2017-11-28T15:57:40.506200+08:00		sql	0.000258	1:(localhost) SELECT * FROM thread WHERE id = ?; (1)
2017-11-28T15:57:40.506705+08:00		sql	0.000237	2:(localhost) SELECT * FROM comment WHERE thread_id = ? ORDER BY created ASC; (1)
2017-11-28T15:57:54.030672+08:00		sql	0.000279	1:(localhost) SELECT * FROM thread; ()
2017-11-28T15:57:55.777553+08:00		sql	0.000268	1:(localhost) SELECT * FROM thread WHERE id = ?; (1)
2017-11-28T15:57:55.778052+08:00		sql	0.000242	2:(localhost) SELECT * FROM comment WHERE thread_id = ? ORDER BY created ASC; (1)
2017-11-28T15:58:25.202765+08:00		sql	0.000241	1:(localhost) SELECT * FROM thread WHERE id = ?; (1)
2017-11-28T15:58:25.203432+08:00		sql	0.000372	2:(localhost) SELECT * FROM comment WHERE thread_id = ? ORDER BY created ASC; (1)
2017-11-28T16:02:53.421132+08:00		sql	0.000247	1:(localhost) SELECT * FROM thread WHERE id = ?; (1)
2017-11-28T16:02:53.423140+08:00		sql	0.000273	2:(localhost) SELECT * FROM comment WHERE thread_id = ? ORDER BY created ASC; (1)
2017-11-28T16:02:58.229294+08:00		sql	0.000276	1:(localhost) SELECT * FROM thread WHERE id = ?; (1)
2017-11-28T16:02:58.229862+08:00		sql	0.000315	2:(localhost) SELECT * FROM comment WHERE thread_id = ? ORDER BY created ASC; (1)
2017-11-28T16:13:52.039635+08:00		sql	0.000249	1:(localhost) SELECT * FROM thread WHERE id = ?; (1)
2017-11-28T16:13:52.041497+08:00		sql	0.000261	2:(localhost) SELECT * FROM comment WHERE thread_id = ? ORDER BY created ASC; (1)
2017-11-28T16:23:38.050943+08:00		sql	0.000232	1:(localhost) SELECT * FROM thread WHERE id = ?; (1)
2017-11-28T16:23:38.051422+08:00		sql	0.000206	2:(localhost) SELECT * FROM comment WHERE thread_id = ? ORDER BY created ASC; (1)
2017-11-28T16:30:05.602682+08:00		sql	0.000239	1:(localhost) SELECT * FROM thread WHERE id = ?; (1)
2017-11-28T16:30:05.603122+08:00		sql	0.000206	2:(localhost) SELECT * FROM comment WHERE thread_id = ? ORDER BY created ASC; (1)
2017-11-28T16:30:10.512588+08:00		sql	0.000207	1:(localhost) SELECT * FROM thread; ()
2017-11-28T16:30:13.657766+08:00		sql	0.000271	1:(localhost) SELECT * FROM thread WHERE id = ?; (1)
2017-11-28T16:30:13.658317+08:00		sql	0.000289	2:(localhost) SELECT * FROM comment WHERE thread_id = ? ORDER BY created ASC; (1)
2017-11-28T16:30:44.461164+08:00		sql	0.000296	1:(localhost) SELECT * FROM thread WHERE id = ?; (1)
2017-11-28T16:30:44.461675+08:00		sql	0.000261	2:(localhost) SELECT * FROM comment WHERE thread_id = ? ORDER BY created ASC; (1)
2017-11-28T16:30:48.848266+08:00		sql	0.000254	1:(localhost) SELECT * FROM thread WHERE id = ?; (1)
2017-11-28T16:30:48.848774+08:00		sql	0.000222	2:(localhost) SELECT * FROM comment WHERE thread_id = ? ORDER BY created ASC; (1)
2017-11-28T16:33:55.601298+08:00		sql	0.000270	1:(localhost) DELETE FROM thread WHERE id = ?; (5)
2017-11-28T16:33:57.247232+08:00		sql	0.000255	1:(localhost) SELECT * FROM thread; ()
2017-11-28T16:33:59.586300+08:00		sql	0.000213	1:(localhost) SELECT * FROM thread; ()
2017-11-28T16:34:00.969536+08:00		sql	0.000321	1:(localhost) SELECT * FROM thread WHERE id = ?; (1)
2017-11-28T16:34:00.970117+08:00		sql	0.000314	2:(localhost) SELECT * FROM comment WHERE thread_id = ? ORDER BY created ASC; (1)
2017-11-28T16:34:05.824643+08:00		sql	0.000230	1:(localhost) SELECT * FROM thread; ()
2017-11-28T16:34:05.885487+08:00		sql	0.000306	1:(localhost) SELECT * FROM thread; ()
2017-11-28T16:37:15.093050+08:00		sql	0.000262	1:(localhost) SELECT * FROM thread WHERE id = ?; (1)
2017-11-28T16:37:15.093658+08:00		sql	0.000282	2:(localhost) SELECT * FROM comment WHERE thread_id = ? ORDER BY created ASC; (1)
2017-11-28T16:39:56.577261+08:00		sql	0.000221	1:(localhost) SELECT * FROM thread WHERE id = ?; (1)
2017-11-28T16:46:34.179944+08:00		sql	0.000369	1:(localhost) SELECT * FROM thread WHERE id = ?; (1?comment_id=1)
2017-11-28T16:48:55.307365+08:00		sql	0.000340	1:(localhost) SELECT * FROM thread WHERE id = ?; (1)
2017-11-28T16:48:59.050537+08:00		sql	0.000266	1:(localhost) SELECT * FROM thread WHERE id = ?; (1)
2017-11-28T16:54:18.203811+08:00		sql	0.000285	1:(localhost) SELECT * FROM thread WHERE id = ?; (1)
2017-11-28T16:54:21.284348+08:00		sql	0.000231	1:(localhost) SELECT * FROM thread; ()
2017-11-28T16:54:22.647541+08:00		sql	0.000311	1:(localhost) SELECT * FROM thread WHERE id = ?; (1)
2017-11-28T16:55:56.695613+08:00		sql	0.000264	1:(localhost) SELECT * FROM thread WHERE id = ?; (1)
2017-11-28T16:56:33.920301+08:00		sql	0.000254	1:(localhost) SELECT * FROM thread WHERE id = ?; (1)
2017-11-28T16:56:49.806589+08:00		sql	0.000275	1:(localhost) SELECT * FROM thread WHERE id = ?; (1)
2017-11-28T16:57:12.934020+08:00		sql	0.000241	1:(localhost) SELECT * FROM thread WHERE id = ?; (1)
2017-11-28T16:58:22.177337+08:00		sql	0.000252	1:(localhost) SELECT * FROM thread WHERE id = ?; (1)
2017-11-28T17:09:16.965473+08:00		sql	0.000271	1:(localhost) SELECT * FROM thread WHERE id = ?; (1)
2017-11-28T17:13:22.598552+08:00		sql	0.000241	1:(localhost) SELECT * FROM thread WHERE id = ?; (1)
2017-11-28T17:13:54.362837+08:00		sql	0.000235	1:(localhost) SELECT * FROM thread WHERE id = ?; (1)
2017-11-28T17:21:17.708200+08:00		sql	0.000258	1:(localhost) SELECT * FROM thread WHERE id = ?; (1)
2017-11-28T17:40:34.063445+08:00		sql	0.000265	1:(localhost) SELECT * FROM thread WHERE id = ?; (1)
2017-11-28T17:55:11.104570+08:00		sql	0.000249	1:(localhost) SELECT * FROM thread WHERE id = ?; (1)
2017-11-28T17:55:55.298844+08:00		sql	0.000257	1:(localhost) SELECT * FROM thread WHERE id = ?; (1)
2017-11-28T17:56:06.538327+08:00		sql	0.000268	1:(localhost) SELECT * FROM thread WHERE id = ?; (1)
2017-11-28T17:56:35.482016+08:00		sql	0.000261	1:(localhost) SELECT * FROM thread; ()
2017-11-28T17:56:55.787204+08:00		sql	0.000322	1:(localhost) SELECT * FROM thread WHERE id = ?; (1)
2017-11-28T18:03:10.517658+08:00		sql	0.000218	1:(localhost) SELECT * FROM thread WHERE id = ?; (1)
2017-11-28T18:03:25.299734+08:00		sql	0.000249	1:(localhost) SELECT * FROM thread WHERE id = ?; (1)
2017-11-28T18:05:09.502667+08:00		sql	0.000247	1:(localhost) SELECT * FROM thread WHERE id = ?; (1)
2017-11-28T18:05:16.507383+08:00		sql	0.000239	1:(localhost) SELECT * FROM thread; ()
2017-11-28T18:05:19.042100+08:00		sql	0.000270	1:(localhost) SELECT * FROM thread WHERE id = ?; (1)
2017-11-28T18:05:23.648561+08:00		sql	0.000256	1:(localhost) SELECT * FROM thread WHERE id = ?; (1)
2017-11-28T18:07:55.602502+08:00		sql	0.000349	1:(localhost) SELECT * FROM thread WHERE id = ?; (1)
2017-11-28T18:09:55.129319+08:00		sql	0.000232	1:(localhost) SELECT * FROM thread WHERE id = ?; (1)
2017-11-28T18:09:55.129800+08:00		sql	0.000234	2:(localhost) SELECT * FROM comment WHERE thread_id = ? ORDER BY created ASC; (1)
2017-11-28T18:10:05.360408+08:00		sql	0.000237	1:(localhost) SELECT * FROM thread; ()
2017-11-28T18:10:07.263268+08:00		sql	0.000220	1:(localhost) SELECT * FROM thread; ()
2017-11-28T18:12:49.676933+08:00		sql	0.000223	1:(localhost) SELECT * FROM thread; ()
2017-11-28T18:13:36.568909+08:00		sql	0.000199	1:(localhost) SELECT * FROM thread; ()
2017-11-28T18:13:48.998951+08:00		sql	0.054246	1:(localhost) DELETE FROM thread WHERE id = ?; (1)
2017-11-28T18:13:50.034454+08:00		sql	0.000187	1:(localhost) SELECT * FROM thread; ()
2017-11-28T18:14:03.764948+08:00		sql	0.000076	1:(localhost) BEGIN; ()
2017-11-28T18:14:03.765404+08:00		sql	0.000209	2:(localhost) INSERT INTO thread SET title = ?, created = NOW(); (test)
2017-11-28T18:14:03.765730+08:00		sql	0.000129	3:(localhost) INSERT INTO comment SET thread_id = ?, username = ?, body = ?, created = NOW(); (2, test, test)
2017-11-28T18:14:03.770613+08:00		sql	0.004109	4:(localhost) COMMIT; ()
2017-11-28T18:14:05.447054+08:00		sql	0.000280	1:(localhost) SELECT * FROM thread WHERE id = ?; (2)
2017-11-28T18:14:05.447595+08:00		sql	0.000262	2:(localhost) SELECT * FROM comment WHERE thread_id = ? ORDER BY created ASC; (2)
2017-11-28T18:14:10.962508+08:00		sql	0.000299	1:(localhost) SELECT * FROM thread; ()
2017-11-28T18:14:21.861815+08:00		sql	0.000203	1:(localhost) SELECT * FROM thread; ()
